<?xml version="1.0" encoding="UTF-8"?>
<!-- Generated by org.testng.reporters.JUnitReportReporter -->
<testsuite hostname="MSI" failures="0" tests="8" name="users_management.UsersManagement" time="16.978" errors="0" timestamp="2025-11-05T19:47:13 CST" skipped="0">
  <testcase classname="users_management.UsersManagement" name="adminLogin" time="1.193"/>
  <testcase classname="users_management.UsersManagement" name="usersView" time="1.391"/>
  <testcase classname="users_management.UsersManagement" name="createUser" time="2.634"/>
  <testcase classname="users_management.UsersManagement" name="logoutUser" time="1.369"/>
  <testcase classname="users_management.UsersManagement" name="loginCreatedUser" time="1.150"/>
  <testcase classname="users_management.UsersManagement" name="logoutCreatedUser" time="4.746"/>
  <testcase classname="users_management.UsersManagement" name="updateUser" time="2.288"/>
  <testcase classname="users_management.UsersManagement" name="deactivateUser" time="2.207"/>
</testsuite> <!-- users_management.UsersManagement -->
