<?xml version="1.0" encoding="UTF-8"?>
<!-- Generated by org.testng.reporters.JUnitReportReporter -->
<testsuite hostname="MSI" failures="0" tests="16" name="role_permissions_management.RolePermissionManagement" time="40.865" errors="0" timestamp="2025-11-06T07:40:04 CST" skipped="0">
  <testcase classname="role_permissions_management.RolePermissionManagement" name="adminLogin" time="1.904"/>
  <testcase classname="role_permissions_management.RolePermissionManagement" name="rolePermissionsView" time="3.504"/>
  <testcase classname="role_permissions_management.RolePermissionManagement" name="clickNewRole" time="1.454"/>
  <testcase classname="role_permissions_management.RolePermissionManagement" name="fillRoleName" time="1.061"/>
  <testcase classname="role_permissions_management.RolePermissionManagement" name="addDirectPermissions" time="4.205"/>
  <testcase classname="role_permissions_management.RolePermissionManagement" name="addPermissionsBySearch" time="4.261"/>
  <testcase classname="role_permissions_management.RolePermissionManagement" name="removePermission" time="2.081"/>
  <testcase classname="role_permissions_management.RolePermissionManagement" name="saveRole" time="3.082"/>
  <testcase classname="role_permissions_management.RolePermissionManagement" name="editRole" time="1.073"/>
  <testcase classname="role_permissions_management.RolePermissionManagement" name="createNewPermission" time="1.096"/>
  <testcase classname="role_permissions_management.RolePermissionManagement" name="editNewPermission" time="3.613"/>
  <testcase classname="role_permissions_management.RolePermissionManagement" name="deleteNewPermission" time="3.170"/>
  <testcase classname="role_permissions_management.RolePermissionManagement" name="verifyPermissionDeleted" time="1.073"/>
  <testcase classname="role_permissions_management.RolePermissionManagement" name="updateRoleName" time="1.089"/>
  <testcase classname="role_permissions_management.RolePermissionManagement" name="saveUpdatedRole" time="4.109"/>
  <testcase classname="role_permissions_management.RolePermissionManagement" name="deleteRole" time="4.090"/>
</testsuite> <!-- role_permissions_management.RolePermissionManagement -->
